/usr/local/synopsys/Design_Compiler/default/auxx/gui/dv/dv_setup.tcl
/usr/local/synopsys/Design_Compiler/default/auxx/gui/syn/snpsSynProcs.tcl
/usr/local/synopsys/Design_Compiler/default/auxx/tcllib/lib/tcl8.5/tm.tcl
/usr/local/synopsys/Design_Compiler/default/auxx/tcllib/lib/tcl8.5/package.tcl
/usr/local/synopsys/Design_Compiler/default/auxx/gui/syn/layout/pkgIndex.tcl
/usr/local/synopsys/Design_Compiler/default/auxx/gui/common/hierarchy/pkgIndex.tcl
/usr/local/synopsys/Design_Compiler/default/auxx/gui/common/setup/pkgIndex.tcl
/usr/local/synopsys/Design_Compiler/default/auxx/gui/common/dialogs/pkgIndex.tcl
/usr/local/synopsys/Design_Compiler/default/auxx/gui/common/tcl-dp/pkgIndex.tcl
/usr/local/synopsys/Design_Compiler/default/auxx/gui/common/misc/pkgIndex.tcl
/usr/local/synopsys/Design_Compiler/default/auxx/gui/common/schematic/pkgIndex.tcl
/usr/local/synopsys/Design_Compiler/default/auxx/gui/common/WindowFrameWork/pkgIndex.tcl
/usr/local/synopsys/Design_Compiler/default/auxx/gui/common/commandform/pkgIndex.tcl
/usr/local/synopsys/Design_Compiler/default/auxx/gui/common/view/pkgIndex.tcl
/usr/local/synopsys/Design_Compiler/default/auxx/gui/common/menus/pkgIndex.tcl
/usr/local/synopsys/Design_Compiler/default/auxx/gui/common/libviewer/pkgIndex.tcl
/usr/local/synopsys/Design_Compiler/default/auxx/gui/common/strokes/pkgIndex.tcl
/usr/local/synopsys/Design_Compiler/default/auxx/gui/common/acg/pkgIndex.tcl
/usr/local/synopsys/Design_Compiler/default/auxx/gui/common/timing/pkgIndex.tcl
/usr/local/synopsys/Design_Compiler/default/auxx/gui/common/opdlg/pkgIndex.tcl
/usr/local/synopsys/Design_Compiler/default/auxx/gui/common/table/pkgIndex.tcl
/usr/local/synopsys/Design_Compiler/default/auxx/gui/common/fanoutviewer/pkgIndex.tcl
/usr/local/synopsys/Design_Compiler/default/auxx/gui/common/regressionToolkit/pkgIndex.tcl
/usr/local/synopsys/Design_Compiler/default/auxx/gui/common/pathinspector/pkgIndex.tcl
/usr/local/synopsys/Design_Compiler/default/auxx/gui/common/select/pkgIndex.tcl
/usr/local/synopsys/Design_Compiler/default/auxx/gui/common/layout/pkgIndex.tcl
/usr/local/synopsys/Design_Compiler/default/auxx/gui/common/palettegroup/pkgIndex.tcl
/usr/local/synopsys/Design_Compiler/default/auxx/gui/common/histogram/pkgIndex.tcl
/usr/local/synopsys/Design_Compiler/default/auxx/gui/common/mrupalette/pkgIndex.tcl
/usr/local/synopsys/Design_Compiler/default/auxx/gui/common/tiledview/pkgIndex.tcl
/usr/local/synopsys/Design_Compiler/default/auxx/gui/common/highlight/pkgIndex.tcl
/usr/local/synopsys/Design_Compiler/default/auxx/gui/common/profiler/pkgIndex.tcl
/usr/local/synopsys/Design_Compiler/default/auxx/gui/common/qtcl/pkgIndex.tcl
/usr/local/synopsys/Design_Compiler/default/auxx/gui/common/docBrowser/pkgIndex.tcl
/usr/local/synopsys/Design_Compiler/default/auxx/gui/common/tq/pkgIndex.tcl
/usr/local/synopsys/Design_Compiler/default/auxx/gui/dv/pkgIndex.tcl
/usr/local/synopsys/Design_Compiler/default/auxx/tcllib/snps_tcl/snpsUtils/pkgIndex.tcl
/usr/local/synopsys/Design_Compiler/default/auxx/tcllib/snps_tcl/snpsTest/pkgIndex.tcl
/usr/local/synopsys/Design_Compiler/default/auxx/tcllib/snps_tcl/snpsTclPro/pkgIndex.tcl
/usr/local/synopsys/Design_Compiler/default/auxx/tcllib/snps_tcl/pkgIndex.tcl
/usr/local/synopsys/Design_Compiler/default/auxx/tcllib/lib/tcl8.5/opt/pkgIndex.tcl
/usr/local/synopsys/Design_Compiler/default/auxx/tcllib/lib/tcl8.5/http1.0/pkgIndex.tcl
/usr/local/synopsys/Design_Compiler/default/auxx/tcllib/lib/tcl8.5/msgcat/pkgIndex.tcl
/usr/local/synopsys/Design_Compiler/default/auxx/tcllib/lib/tcl8.5/http/pkgIndex.tcl
/usr/local/synopsys/Design_Compiler/default/auxx/tcllib/lib/tcl8.5/tcltest/pkgIndex.tcl
/usr/local/synopsys/Design_Compiler/default/auxx/tcllib/lib/tcl8.5/platform/pkgIndex.tcl
/usr/local/synopsys/Design_Compiler/default/auxx/tcllib/lib/tcl8.5/dde/pkgIndex.tcl
/usr/local/synopsys/Design_Compiler/default/auxx/tcllib/lib/tcl8.5/reg/pkgIndex.tcl
/usr/local/synopsys/Design_Compiler/default/auxx/gui/common/setup/snpsCommonSetup.tcl
/usr/local/synopsys/Design_Compiler/default/auxx/gui/common/setup/snpsCustomize.tcl
/usr/local/synopsys/Design_Compiler/default/auxx/gui/common/setup/snpsProcheck.tcl
/usr/local/synopsys/Design_Compiler/default/auxx/gui/common/qtcl/.synopsys_qtcl.tcl
/usr/local/synopsys/Design_Compiler/default/auxx/gui/common/highlight/highlight.tcl
/usr/local/synopsys/Design_Compiler/default/auxx/gui/common/misc/base.tcl
/usr/local/synopsys/Design_Compiler/default/auxx/gui/common/misc/timing.tcl
/usr/local/synopsys/Design_Compiler/default/auxx/gui/common/misc/setting.tcl
/usr/local/synopsys/Design_Compiler/default/auxx/gui/common/misc/preset.tcl
/usr/local/synopsys/Design_Compiler/default/auxx/gui/common/WindowFrameWork/windowFrameWork.tcl
/usr/local/synopsys/Design_Compiler/default/auxx/gui/common/WindowFrameWork/skipBusyCursorCmdList.tcl
/usr/local/synopsys/Design_Compiler/default/auxx/gui/common/docBrowser/docBrowser.tcl
/usr/local/synopsys/Design_Compiler/default/auxx/tcllib/snps_tcl/snpsUtils/snpsUtils.tcl
/usr/local/synopsys/Design_Compiler/default/auxx/gui/common/dialogs/ObjectChooser.tcl
/usr/local/synopsys/Design_Compiler/default/auxx/gui/common/misc/DialogObjectChooser.tcl
/usr/local/synopsys/Design_Compiler/default/auxx/gui/common/dialogs/HistBinInformation.tcl
/usr/local/synopsys/Design_Compiler/default/auxx/gui/common/dialogs/HistBin1Information.tcl
/usr/local/synopsys/Design_Compiler/default/auxx/gui/common/dialogs/BinsOnlyInformation.tcl
/usr/local/synopsys/Design_Compiler/default/auxx/gui/common/dialogs/FileChooser.tcl
/usr/local/synopsys/Design_Compiler/default/auxx/gui/common/dialogs/PathPinSimpleInfo.tcl
/usr/local/synopsys/Design_Compiler/default/auxx/gui/common/dialogs/PathsBasicInfo.tcl
/usr/local/synopsys/Design_Compiler/default/auxx/gui/common/dialogs/PathsBasicSimpleInfo.tcl
/usr/local/synopsys/Design_Compiler/default/auxx/gui/common/dialogs/SlctOperationInfo.tcl
/usr/local/synopsys/Design_Compiler/default/auxx/gui/common/dialogs/ObjectListInfo.tcl
/usr/local/synopsys/Design_Compiler/default/auxx/gui/common/dialogs/FanInOutInfo.tcl
/usr/local/synopsys/Design_Compiler/default/auxx/gui/common/dialogs/NumberOfLevelsChooser.tcl
/usr/local/synopsys/Design_Compiler/default/auxx/gui/common/dialogs/WindowReuseInfo.tcl
/usr/local/synopsys/Design_Compiler/default/auxx/gui/common/dialogs/ReportOutputOptionInfo.tcl
/usr/local/synopsys/Design_Compiler/default/auxx/gui/common/setup/snpsCollections.tcl
/usr/local/synopsys/Design_Compiler/default/auxx/gui/common/dialogs/CompileLinkDesign.tcl
/usr/local/synopsys/Design_Compiler/default/auxx/gui/common/histogram/DialogEndpointSlack.tcl
/usr/local/synopsys/Design_Compiler/default/auxx/gui/common/histogram/DialogPathsSlack.tcl
/usr/local/synopsys/Design_Compiler/default/auxx/gui/common/histogram/DialogNetCapacitance.tcl
/usr/local/synopsys/Design_Compiler/default/auxx/gui/common/schematic/DialogPathSchematicFanInOut.tcl
/usr/local/synopsys/Design_Compiler/default/auxx/gui/common/schematic/DialogPathSchematicAddPaths.tcl
/home/viterbi/09/zeyuxie/ee577/CMP/scripts/syn.tcl
/home/scf-22/ee577/NCSU45PDK/FreePDK45/osu_soc/lib/files/gscl45nm.db
/usr/local/synopsys/Design_Compiler/default/libraries/syn/dw_foundation.sldb
/usr/local/synopsys/Design_Compiler/default/libraries/syn/standard.sldb
/usr/local/synopsys/Design_Compiler/default/libraries/syn/gtech.db
/home/viterbi/09/zeyuxie/ee577/CMP/src/cardinal_cmp.v
/home/viterbi/09/zeyuxie/ee577/CMP/src/cardinal_cmp.v
/home/viterbi/09/zeyuxie/ee577/CMP/src/cardinal_cpu.v
/home/viterbi/09/zeyuxie/ee577/CMP/src/register_file.v
/home/viterbi/09/zeyuxie/ee577/CMP/src/alu.v
/usr/local/synopsys/Design_Compiler/K-2015.06-SP5-5/dw/sim_ver/DW_div.v
/usr/local/synopsys/Design_Compiler/K-2015.06-SP5-5/dw/sim_ver/DW_div_function.inc
/usr/local/synopsys/Design_Compiler/K-2015.06-SP5-5/dw/sim_ver/DW_sqrt.v
/usr/local/synopsys/Design_Compiler/K-2015.06-SP5-5/dw/sim_ver/DW_sqrt_function.inc
/home/viterbi/09/zeyuxie/ee577/CMP/src/cardinal_nic.v
/home/viterbi/09/zeyuxie/ee577/CMP/src/buffer_nic.v
/home/viterbi/09/zeyuxie/ee577/CMP/src/gold_ring.v
/home/viterbi/09/zeyuxie/ee577/CMP/src/gold_router.v
/home/viterbi/09/zeyuxie/ee577/CMP/src/buffer_router.v
/home/viterbi/09/zeyuxie/ee577/CMP/src/rotating_prioritizer.v
/usr/local/synopsys/Design_Compiler/K-2015.06-SP5-5/dw/sim_ver/DW_sqrt_function.inc
/usr/local/synopsys/Design_Compiler/K-2015.06-SP5-5/dw/sim_ver/DW_sqrt.v
/usr/local/synopsys/Design_Compiler/K-2015.06-SP5-5/dw/sim_ver/DW_div_function.inc
/usr/local/synopsys/Design_Compiler/K-2015.06-SP5-5/dw/sim_ver/DW_div.v
/home/viterbi/09/zeyuxie/synopsys_cache_K-2015.06-SP5-5/DW01/DW01_inc/rpl/3/gscl45nm_7710/element.ddc
/home/viterbi/09/zeyuxie/synopsys_cache_K-2015.06-SP5-5/DW01/DW01_add/rpl/32/gscl45nm_7710/element.ddc
/home/viterbi/09/zeyuxie/synopsys_cache_K-2015.06-SP5-5/DW02/DW_sqrt/rpl/0/64/gscl45nm_7710/element.ddc
/home/viterbi/09/zeyuxie/synopsys_cache_K-2015.06-SP5-5/DW02/DW_sqrt/rpl/0/32/gscl45nm_7710/element.ddc
/home/viterbi/09/zeyuxie/synopsys_cache_K-2015.06-SP5-5/DW02/DW_sqrt/rpl/0/16/gscl45nm_7710/element.ddc
/home/viterbi/09/zeyuxie/synopsys_cache_K-2015.06-SP5-5/DW02/DW_sqrt/rpl/0/8/gscl45nm_7710/element.ddc
/home/viterbi/09/zeyuxie/synopsys_cache_K-2015.06-SP5-5/DW02/DW_div/cla/64/64/0/0/gscl45nm_7710/element.ddc
/home/viterbi/09/zeyuxie/synopsys_cache_K-2015.06-SP5-5/DW01/DW01_add/pparch/1/gscl45nm_7710/8167_4704/mapped.ddc
/home/viterbi/09/zeyuxie/synopsys_cache_K-2015.06-SP5-5/DW01/DW01_add/pparch/2/gscl45nm_7710/8167_4704/mapped.ddc
/home/viterbi/09/zeyuxie/synopsys_cache_K-2015.06-SP5-5/DW01/DW01_add/pparch/3/gscl45nm_7710/8167_4704/mapped.ddc
/home/viterbi/09/zeyuxie/synopsys_cache_K-2015.06-SP5-5/DW01/DW01_add/pparch/4/gscl45nm_7710/8167_4704/mapped.ddc
/home/viterbi/09/zeyuxie/synopsys_cache_K-2015.06-SP5-5/DW02/DW_div/cla/32/32/0/0/gscl45nm_7710/element.ddc
/home/viterbi/09/zeyuxie/synopsys_cache_K-2015.06-SP5-5/DW02/DW_div/cla/16/16/0/0/gscl45nm_7710/element.ddc
/home/viterbi/09/zeyuxie/synopsys_cache_K-2015.06-SP5-5/DW02/DW_div/cla/8/8/0/0/gscl45nm_7710/element.ddc
/home/viterbi/09/zeyuxie/synopsys_cache_K-2015.06-SP5-5/DW01/DW01_add/rpl/64/gscl45nm_7710/element.ddc
/home/viterbi/09/zeyuxie/synopsys_cache_K-2015.06-SP5-5/DW01/DW01_add/rpl/16/gscl45nm_7710/element.ddc
/home/viterbi/09/zeyuxie/synopsys_cache_K-2015.06-SP5-5/DW01/DW01_add/rpl/8/gscl45nm_7710/element.ddc
/home/viterbi/09/zeyuxie/synopsys_cache_K-2015.06-SP5-5/DW01/DW01_sub/rpl/8/gscl45nm_7710_8167_4704/element.ddc
/home/viterbi/09/zeyuxie/synopsys_cache_K-2015.06-SP5-5/DW01/DW01_add/rpl/8/gscl45nm_7710_8167_4704/element.ddc
/home/viterbi/09/zeyuxie/synopsys_cache_K-2015.06-SP5-5/DW01/DW01_sub/rpl/16/gscl45nm_7710_8167_4704/element.ddc
/home/viterbi/09/zeyuxie/synopsys_cache_K-2015.06-SP5-5/DW01/DW01_add/rpl/16/gscl45nm_7710_8167_4704/element.ddc
/home/viterbi/09/zeyuxie/synopsys_cache_K-2015.06-SP5-5/DW01/DW01_sub/rpl/32/gscl45nm_7710_8167_4704/element.ddc
/home/viterbi/09/zeyuxie/synopsys_cache_K-2015.06-SP5-5/DW01/DW01_add/rpl/32/gscl45nm_7710_8167_4704/element.ddc
/home/viterbi/09/zeyuxie/synopsys_cache_K-2015.06-SP5-5/DW01/DW01_sub/rpl/64/gscl45nm_7710_8167_4704/element.ddc
/home/viterbi/09/zeyuxie/synopsys_cache_K-2015.06-SP5-5/DW01/DW01_add/rpl/64/gscl45nm_7710_8167_4704/element.ddc
/home/viterbi/09/zeyuxie/synopsys_cache_K-2015.06-SP5-5/DW02/DW_mult_uns/apparch/8/8/gscl45nm_7710_8167_4704/element.ddc
/home/viterbi/09/zeyuxie/synopsys_cache_K-2015.06-SP5-5/DW02/DW_mult_uns/apparch/16/16/gscl45nm_7710_8167_4704/element.ddc
/home/viterbi/09/zeyuxie/synopsys_cache_K-2015.06-SP5-5/DW02/DW_mult_uns/apparch/32/32/gscl45nm_7710_8167_4704/element.ddc
/home/viterbi/09/zeyuxie/synopsys_cache_K-2015.06-SP5-5/DW01/DW01_sub/rpl/8/gscl45nm_7710/element.ddc
/home/viterbi/09/zeyuxie/synopsys_cache_K-2015.06-SP5-5/DW01/DW01_sub/rpl/16/gscl45nm_7710/element.ddc
/home/viterbi/09/zeyuxie/synopsys_cache_K-2015.06-SP5-5/DW01/DW01_sub/rpl/32/gscl45nm_7710/element.ddc
/home/viterbi/09/zeyuxie/synopsys_cache_K-2015.06-SP5-5/DW01/DW01_sub/rpl/64/gscl45nm_7710/element.ddc
/home/viterbi/09/zeyuxie/synopsys_cache_K-2015.06-SP5-5/DW02/DW_div/cla/8/8/0/0/gscl45nm_7710_8167_4704/element.ddc
/home/viterbi/09/zeyuxie/synopsys_cache_K-2015.06-SP5-5/DW02/DW_div/rpl/8/8/0/0/gscl45nm_7710/element.ddc
/home/viterbi/09/zeyuxie/synopsys_cache_K-2015.06-SP5-5/DW02/DW_div/rpl/8/8/0/0/gscl45nm_7710_8167_4704/element.ddc
/home/viterbi/09/zeyuxie/synopsys_cache_K-2015.06-SP5-5/DW02/DW_div/cla/8/8/0/0/gscl45nm_7710/element.ddc
/home/viterbi/09/zeyuxie/synopsys_cache_K-2015.06-SP5-5/DW01/DW01_add/pparch/1/gscl45nm_7710_8167_4704/element.ddc
/home/viterbi/09/zeyuxie/synopsys_cache_K-2015.06-SP5-5/DW01/DW01_add/pparch/2/gscl45nm_7710_8167_4704/element.ddc
/home/viterbi/09/zeyuxie/synopsys_cache_K-2015.06-SP5-5/DW01/DW01_add/pparch/3/gscl45nm_7710_8167_4704/element.ddc
/home/viterbi/09/zeyuxie/synopsys_cache_K-2015.06-SP5-5/DW01/DW01_add/pparch/4/gscl45nm_7710_8167_4704/element.ddc
/home/viterbi/09/zeyuxie/synopsys_cache_K-2015.06-SP5-5/DW01/DW01_add/pparch/5/gscl45nm_7710_8167_4704/element.ddc
/home/viterbi/09/zeyuxie/synopsys_cache_K-2015.06-SP5-5/DW01/DW01_add/pparch/6/gscl45nm_7710_8167_4704/element.ddc
/home/viterbi/09/zeyuxie/synopsys_cache_K-2015.06-SP5-5/DW01/DW01_add/pparch/7/gscl45nm_7710_8167_4704/element.ddc
/home/viterbi/09/zeyuxie/synopsys_cache_K-2015.06-SP5-5/DW02/DW_div/cla2/8/8/0/0/gscl45nm_7710/element.ddc
/home/viterbi/09/zeyuxie/synopsys_cache_K-2015.06-SP5-5/DW01/DW01_add/pparch/10/gscl45nm_7710_8167_4704/element.ddc
/home/viterbi/09/zeyuxie/synopsys_cache_K-2015.06-SP5-5/DW02/DW_div/cla2/8/8/0/0/gscl45nm_7710_8167_4704/element.ddc
/home/viterbi/09/zeyuxie/synopsys_cache_K-2015.06-SP5-5/DW02/DW_div/cla3/8/8/0/0/gscl45nm_7710/element.ddc
/home/viterbi/09/zeyuxie/synopsys_cache_K-2015.06-SP5-5/DW01/DW01_add/pparch/11/gscl45nm_7710_8167_4704/element.ddc
/home/viterbi/09/zeyuxie/synopsys_cache_K-2015.06-SP5-5/DW01/DW01_sub/pparch/11/gscl45nm_7710_8167_4704/element.ddc
/home/viterbi/09/zeyuxie/synopsys_cache_K-2015.06-SP5-5/DW02/DW_div/cla3/8/8/0/0/gscl45nm_7710_8167_4704/element.ddc
/home/viterbi/09/zeyuxie/synopsys_cache_K-2015.06-SP5-5/DW01/DW01_MUX/str/gscl45nm_7710_8167_4704/element.ddc
/home/viterbi/09/zeyuxie/synopsys_cache_K-2015.06-SP5-5/DW01/DW01_mmux/str/2/gscl45nm_7710_8167_4704/element.ddc
/home/viterbi/09/zeyuxie/synopsys_cache_K-2015.06-SP5-5/DW01/DW01_mmux/str/3/gscl45nm_7710_8167_4704/element.ddc
/home/viterbi/09/zeyuxie/synopsys_cache_K-2015.06-SP5-5/DW01/DW01_mmux/str/4/gscl45nm_7710_8167_4704/element.ddc
/home/viterbi/09/zeyuxie/synopsys_cache_K-2015.06-SP5-5/DW01/DW01_mmux/str/5/gscl45nm_7710_8167_4704/element.ddc
/home/viterbi/09/zeyuxie/synopsys_cache_K-2015.06-SP5-5/DW02/DW_mult_uns/pparch/8/16/gscl45nm_7710_8167_4704/element.ddc
/home/viterbi/09/zeyuxie/synopsys_cache_K-2015.06-SP5-5/DW02/DW_mult_uns/apparch/8/16/gscl45nm_7710_8167_4704/element.ddc
/home/viterbi/09/zeyuxie/synopsys_cache_K-2015.06-SP5-5/DW01/DW01_add/rpl/24/gscl45nm_7710_8167_4704/element.ddc
/home/viterbi/09/zeyuxie/synopsys_cache_K-2015.06-SP5-5/DW02/DW_mult_uns/pparch/8/8/gscl45nm_7710_8167_4704/element.ddc
/home/viterbi/09/zeyuxie/synopsys_cache_K-2015.06-SP5-5/DW02/DW_mult_uns/apparch/8/8/gscl45nm_7710_8167_4704/element.ddc
/home/viterbi/09/zeyuxie/synopsys_cache_K-2015.06-SP5-5/DW01/DW01_sub/rpl/8/gscl45nm_7710_8167_4704/element.ddc
/home/viterbi/09/zeyuxie/synopsys_cache_K-2015.06-SP5-5/DW01/DW01_NAND2/str/gscl45nm_7710/element.ddc
/home/viterbi/09/zeyuxie/synopsys_cache_K-2015.06-SP5-5/DW01/DW01_NOT/str/gscl45nm_7710_8167_4704/element.ddc
/home/viterbi/09/zeyuxie/synopsys_cache_K-2015.06-SP5-5/DW02/DW_div/cla/16/16/0/0/gscl45nm_7710_8167_4704/element.ddc
/home/viterbi/09/zeyuxie/synopsys_cache_K-2015.06-SP5-5/DW02/DW_div/rpl/16/16/0/0/gscl45nm_7710/element.ddc
/home/viterbi/09/zeyuxie/synopsys_cache_K-2015.06-SP5-5/DW02/DW_div/rpl/16/16/0/0/gscl45nm_7710_8167_4704/element.ddc
/home/viterbi/09/zeyuxie/synopsys_cache_K-2015.06-SP5-5/DW02/DW_div/cla/16/16/0/0/gscl45nm_7710/element.ddc
/home/viterbi/09/zeyuxie/synopsys_cache_K-2015.06-SP5-5/DW01/DW01_add/pparch/8/gscl45nm_7710_8167_4704/element.ddc
/home/viterbi/09/zeyuxie/synopsys_cache_K-2015.06-SP5-5/DW01/DW01_add/pparch/9/gscl45nm_7710_8167_4704/element.ddc
/home/viterbi/09/zeyuxie/synopsys_cache_K-2015.06-SP5-5/DW01/DW01_add/pparch/12/gscl45nm_7710_8167_4704/element.ddc
/home/viterbi/09/zeyuxie/synopsys_cache_K-2015.06-SP5-5/DW01/DW01_add/pparch/13/gscl45nm_7710_8167_4704/element.ddc
/home/viterbi/09/zeyuxie/synopsys_cache_K-2015.06-SP5-5/DW01/DW01_add/pparch/14/gscl45nm_7710_8167_4704/element.ddc
/home/viterbi/09/zeyuxie/synopsys_cache_K-2015.06-SP5-5/DW01/DW01_add/pparch/15/gscl45nm_7710_8167_4704/element.ddc
/home/viterbi/09/zeyuxie/synopsys_cache_K-2015.06-SP5-5/DW02/DW_div/cla2/16/16/0/0/gscl45nm_7710/element.ddc
/home/viterbi/09/zeyuxie/synopsys_cache_K-2015.06-SP5-5/DW01/DW01_add/pparch/18/gscl45nm_7710_8167_4704/element.ddc
/home/viterbi/09/zeyuxie/synopsys_cache_K-2015.06-SP5-5/DW02/DW_div/cla2/16/16/0/0/gscl45nm_7710_8167_4704/element.ddc
/home/viterbi/09/zeyuxie/synopsys_cache_K-2015.06-SP5-5/DW02/DW_div/cla3/16/16/0/0/gscl45nm_7710/element.ddc
/home/viterbi/09/zeyuxie/synopsys_cache_K-2015.06-SP5-5/DW01/DW01_add/pparch/19/gscl45nm_7710_8167_4704/element.ddc
/home/viterbi/09/zeyuxie/synopsys_cache_K-2015.06-SP5-5/DW01/DW01_sub/pparch/19/gscl45nm_7710_8167_4704/element.ddc
/home/viterbi/09/zeyuxie/synopsys_cache_K-2015.06-SP5-5/DW02/DW_div/cla3/16/16/0/0/gscl45nm_7710_8167_4704/element.ddc
/home/viterbi/09/zeyuxie/synopsys_cache_K-2015.06-SP5-5/DW02/DW_div/cla/32/32/0/0/gscl45nm_7710_8167_4704/element.ddc
/home/viterbi/09/zeyuxie/synopsys_cache_K-2015.06-SP5-5/DW02/DW_div/rpl/32/32/0/0/gscl45nm_7710/element.ddc
/home/viterbi/09/zeyuxie/synopsys_cache_K-2015.06-SP5-5/DW02/DW_div/rpl/32/32/0/0/gscl45nm_7710_8167_4704/element.ddc
/home/viterbi/09/zeyuxie/synopsys_cache_K-2015.06-SP5-5/DW02/DW_div/cla/32/32/0/0/gscl45nm_7710/element.ddc
/home/viterbi/09/zeyuxie/synopsys_cache_K-2015.06-SP5-5/DW01/DW01_add/pparch/16/gscl45nm_7710_8167_4704/element.ddc
/home/viterbi/09/zeyuxie/synopsys_cache_K-2015.06-SP5-5/DW01/DW01_add/pparch/17/gscl45nm_7710_8167_4704/element.ddc
/home/viterbi/09/zeyuxie/synopsys_cache_K-2015.06-SP5-5/DW01/DW01_add/pparch/20/gscl45nm_7710_8167_4704/element.ddc
/home/viterbi/09/zeyuxie/synopsys_cache_K-2015.06-SP5-5/DW01/DW01_add/pparch/21/gscl45nm_7710_8167_4704/element.ddc
/home/viterbi/09/zeyuxie/synopsys_cache_K-2015.06-SP5-5/DW01/DW01_add/pparch/22/gscl45nm_7710_8167_4704/element.ddc
/home/viterbi/09/zeyuxie/synopsys_cache_K-2015.06-SP5-5/DW01/DW01_add/pparch/23/gscl45nm_7710_8167_4704/element.ddc
/home/viterbi/09/zeyuxie/synopsys_cache_K-2015.06-SP5-5/DW01/DW01_add/pparch/24/gscl45nm_7710_8167_4704/element.ddc
/home/viterbi/09/zeyuxie/synopsys_cache_K-2015.06-SP5-5/DW01/DW01_add/pparch/25/gscl45nm_7710_8167_4704/element.ddc
/home/viterbi/09/zeyuxie/synopsys_cache_K-2015.06-SP5-5/DW01/DW01_add/pparch/26/gscl45nm_7710_8167_4704/element.ddc
/home/viterbi/09/zeyuxie/synopsys_cache_K-2015.06-SP5-5/DW01/DW01_add/pparch/27/gscl45nm_7710_8167_4704/element.ddc
/home/viterbi/09/zeyuxie/synopsys_cache_K-2015.06-SP5-5/DW01/DW01_add/pparch/28/gscl45nm_7710_8167_4704/element.ddc
/home/viterbi/09/zeyuxie/synopsys_cache_K-2015.06-SP5-5/DW01/DW01_add/pparch/29/gscl45nm_7710_8167_4704/element.ddc
/home/viterbi/09/zeyuxie/synopsys_cache_K-2015.06-SP5-5/DW01/DW01_add/pparch/30/gscl45nm_7710_8167_4704/element.ddc
/home/viterbi/09/zeyuxie/synopsys_cache_K-2015.06-SP5-5/DW01/DW01_add/pparch/31/gscl45nm_7710_8167_4704/element.ddc
/home/viterbi/09/zeyuxie/synopsys_cache_K-2015.06-SP5-5/DW02/DW_div/cla2/32/32/0/0/gscl45nm_7710/element.ddc
/home/viterbi/09/zeyuxie/synopsys_cache_K-2015.06-SP5-5/DW01/DW01_add/pparch/34/gscl45nm_7710_8167_4704/element.ddc
/home/viterbi/09/zeyuxie/synopsys_cache_K-2015.06-SP5-5/DW02/DW_div/cla2/32/32/0/0/gscl45nm_7710_8167_4704/element.ddc
/home/viterbi/09/zeyuxie/synopsys_cache_K-2015.06-SP5-5/DW02/DW_div/cla3/32/32/0/0/gscl45nm_7710/element.ddc
/home/viterbi/09/zeyuxie/synopsys_cache_K-2015.06-SP5-5/DW01/DW01_add/pparch/35/gscl45nm_7710_8167_4704/element.ddc
/home/viterbi/09/zeyuxie/synopsys_cache_K-2015.06-SP5-5/DW01/DW01_sub/pparch/35/gscl45nm_7710_8167_4704/element.ddc
/home/viterbi/09/zeyuxie/synopsys_cache_K-2015.06-SP5-5/DW02/DW_div/cla3/32/32/0/0/gscl45nm_7710_8167_4704/element.ddc
/home/viterbi/09/zeyuxie/synopsys_cache_K-2015.06-SP5-5/DW02/DW_div/cla/64/64/0/0/gscl45nm_7710_8167_4704/element.ddc
/home/viterbi/09/zeyuxie/synopsys_cache_K-2015.06-SP5-5/DW02/DW_div/cla/64/64/0/0/gscl45nm_7710/element.ddc
/home/viterbi/09/zeyuxie/synopsys_cache_K-2015.06-SP5-5/DW01/DW01_add/pparch/32/gscl45nm_7710_8167_4704/element.ddc
/home/viterbi/09/zeyuxie/synopsys_cache_K-2015.06-SP5-5/DW01/DW01_add/pparch/33/gscl45nm_7710_8167_4704/element.ddc
/home/viterbi/09/zeyuxie/synopsys_cache_K-2015.06-SP5-5/DW01/DW01_add/pparch/36/gscl45nm_7710_8167_4704/element.ddc
/home/viterbi/09/zeyuxie/synopsys_cache_K-2015.06-SP5-5/DW01/DW01_add/pparch/37/gscl45nm_7710_8167_4704/element.ddc
/home/viterbi/09/zeyuxie/synopsys_cache_K-2015.06-SP5-5/DW01/DW01_add/pparch/38/gscl45nm_7710_8167_4704/element.ddc
/home/viterbi/09/zeyuxie/synopsys_cache_K-2015.06-SP5-5/DW01/DW01_add/pparch/39/gscl45nm_7710_8167_4704/element.ddc
/home/viterbi/09/zeyuxie/synopsys_cache_K-2015.06-SP5-5/DW01/DW01_add/pparch/40/gscl45nm_7710_8167_4704/element.ddc
/home/viterbi/09/zeyuxie/synopsys_cache_K-2015.06-SP5-5/DW01/DW01_add/pparch/41/gscl45nm_7710_8167_4704/element.ddc
/home/viterbi/09/zeyuxie/synopsys_cache_K-2015.06-SP5-5/DW01/DW01_add/pparch/42/gscl45nm_7710_8167_4704/element.ddc
/home/viterbi/09/zeyuxie/synopsys_cache_K-2015.06-SP5-5/DW01/DW01_add/pparch/43/gscl45nm_7710_8167_4704/element.ddc
/home/viterbi/09/zeyuxie/synopsys_cache_K-2015.06-SP5-5/DW01/DW01_add/pparch/44/gscl45nm_7710_8167_4704/element.ddc
/home/viterbi/09/zeyuxie/synopsys_cache_K-2015.06-SP5-5/DW01/DW01_add/pparch/45/gscl45nm_7710_8167_4704/element.ddc
/home/viterbi/09/zeyuxie/synopsys_cache_K-2015.06-SP5-5/DW01/DW01_add/pparch/46/gscl45nm_7710_8167_4704/element.ddc
/home/viterbi/09/zeyuxie/synopsys_cache_K-2015.06-SP5-5/DW01/DW01_add/pparch/47/gscl45nm_7710_8167_4704/element.ddc
/home/viterbi/09/zeyuxie/synopsys_cache_K-2015.06-SP5-5/DW01/DW01_add/pparch/48/gscl45nm_7710_8167_4704/element.ddc
/home/viterbi/09/zeyuxie/synopsys_cache_K-2015.06-SP5-5/DW01/DW01_add/pparch/49/gscl45nm_7710_8167_4704/element.ddc
/home/viterbi/09/zeyuxie/synopsys_cache_K-2015.06-SP5-5/DW01/DW01_add/pparch/50/gscl45nm_7710_8167_4704/element.ddc
/home/viterbi/09/zeyuxie/synopsys_cache_K-2015.06-SP5-5/DW01/DW01_add/pparch/51/gscl45nm_7710_8167_4704/element.ddc
/home/viterbi/09/zeyuxie/synopsys_cache_K-2015.06-SP5-5/DW01/DW01_add/pparch/52/gscl45nm_7710_8167_4704/element.ddc
/home/viterbi/09/zeyuxie/synopsys_cache_K-2015.06-SP5-5/DW01/DW01_add/pparch/53/gscl45nm_7710_8167_4704/element.ddc
/home/viterbi/09/zeyuxie/synopsys_cache_K-2015.06-SP5-5/DW01/DW01_add/pparch/54/gscl45nm_7710_8167_4704/element.ddc
/home/viterbi/09/zeyuxie/synopsys_cache_K-2015.06-SP5-5/DW01/DW01_add/pparch/55/gscl45nm_7710_8167_4704/element.ddc
/home/viterbi/09/zeyuxie/synopsys_cache_K-2015.06-SP5-5/DW01/DW01_add/pparch/56/gscl45nm_7710_8167_4704/element.ddc
/home/viterbi/09/zeyuxie/synopsys_cache_K-2015.06-SP5-5/DW01/DW01_add/pparch/57/gscl45nm_7710_8167_4704/element.ddc
/home/viterbi/09/zeyuxie/synopsys_cache_K-2015.06-SP5-5/DW01/DW01_add/pparch/58/gscl45nm_7710_8167_4704/element.ddc
/home/viterbi/09/zeyuxie/synopsys_cache_K-2015.06-SP5-5/DW01/DW01_add/pparch/59/gscl45nm_7710_8167_4704/element.ddc
/home/viterbi/09/zeyuxie/synopsys_cache_K-2015.06-SP5-5/DW01/DW01_add/pparch/60/gscl45nm_7710_8167_4704/element.ddc
/home/viterbi/09/zeyuxie/synopsys_cache_K-2015.06-SP5-5/DW01/DW01_add/pparch/61/gscl45nm_7710_8167_4704/element.ddc
/home/viterbi/09/zeyuxie/synopsys_cache_K-2015.06-SP5-5/DW01/DW01_add/pparch/62/gscl45nm_7710_8167_4704/element.ddc
/home/viterbi/09/zeyuxie/synopsys_cache_K-2015.06-SP5-5/DW01/DW01_add/pparch/63/gscl45nm_7710_8167_4704/element.ddc
/home/viterbi/09/zeyuxie/synopsys_cache_K-2015.06-SP5-5/DW01/DW01_add/pparch/4/gscl45nm_7710/8167_4704/mapped.ddc
/home/viterbi/09/zeyuxie/synopsys_cache_K-2015.06-SP5-5/DW01/DW01_add/pparch/2/gscl45nm_7710/8167_4704/mapped.ddc
/home/viterbi/09/zeyuxie/synopsys_cache_K-2015.06-SP5-5/DW02/DW_div/cla3/64/64/0/0/gscl45nm_7710/element.ddc
/home/viterbi/09/zeyuxie/synopsys_cache_K-2015.06-SP5-5/DW01/DW01_add/pparch/67/gscl45nm_7710_8167_4704/element.ddc
/home/viterbi/09/zeyuxie/synopsys_cache_K-2015.06-SP5-5/DW01/DW01_sub/pparch/67/gscl45nm_7710_8167_4704/element.ddc
/home/viterbi/09/zeyuxie/synopsys_cache_K-2015.06-SP5-5/DW02/DW_div/cla3/64/64/0/0/gscl45nm_7710_8167_4704/element.ddc
/home/viterbi/09/zeyuxie/synopsys_cache_K-2015.06-SP5-5/DW02/DW_div/rpl/64/64/0/0/gscl45nm_7710/element.ddc
/home/viterbi/09/zeyuxie/synopsys_cache_K-2015.06-SP5-5/DW02/DW_div/rpl/8/8/0/0/gscl45nm_7710/element.ddc
/home/viterbi/09/zeyuxie/synopsys_cache_K-2015.06-SP5-5/DW02/DW_div/cla/8/8/0/0/gscl45nm_7710/element.ddc
/home/viterbi/09/zeyuxie/synopsys_cache_K-2015.06-SP5-5/DW02/DW_div/cla2/8/8/0/0/gscl45nm_7710/element.ddc
/home/viterbi/09/zeyuxie/synopsys_cache_K-2015.06-SP5-5/DW02/DW_div/cla3/8/8/0/0/gscl45nm_7710/element.ddc
/home/viterbi/09/zeyuxie/synopsys_cache_K-2015.06-SP5-5/DW02/DW_div/rpl/16/16/0/0/gscl45nm_7710/element.ddc
/home/viterbi/09/zeyuxie/synopsys_cache_K-2015.06-SP5-5/DW02/DW_div/cla/16/16/0/0/gscl45nm_7710/element.ddc
/home/viterbi/09/zeyuxie/synopsys_cache_K-2015.06-SP5-5/DW02/DW_div/cla2/16/16/0/0/gscl45nm_7710/element.ddc
/home/viterbi/09/zeyuxie/synopsys_cache_K-2015.06-SP5-5/DW02/DW_div/cla3/16/16/0/0/gscl45nm_7710/element.ddc
/home/viterbi/09/zeyuxie/synopsys_cache_K-2015.06-SP5-5/DW02/DW_div/rpl/32/32/0/0/gscl45nm_7710/element.ddc
/home/viterbi/09/zeyuxie/synopsys_cache_K-2015.06-SP5-5/DW02/DW_div/cla/32/32/0/0/gscl45nm_7710/element.ddc
/home/viterbi/09/zeyuxie/synopsys_cache_K-2015.06-SP5-5/DW02/DW_div/cla2/32/32/0/0/gscl45nm_7710/element.ddc
/home/viterbi/09/zeyuxie/synopsys_cache_K-2015.06-SP5-5/DW02/DW_div/cla3/32/32/0/0/gscl45nm_7710/element.ddc
/home/viterbi/09/zeyuxie/synopsys_cache_K-2015.06-SP5-5/DW02/DW_div/rpl/32/32/0/0/gscl45nm_7710/element.ddc
/home/viterbi/09/zeyuxie/synopsys_cache_K-2015.06-SP5-5/DW02/DW_div/rpl/64/64/0/0/gscl45nm_7710/element.ddc
/home/viterbi/09/zeyuxie/synopsys_cache_K-2015.06-SP5-5/DW02/DW_div/cla/64/64/0/0/gscl45nm_7710/element.ddc
/home/viterbi/09/zeyuxie/synopsys_cache_K-2015.06-SP5-5/DW02/DW_div/cla2/64/64/0/0/gscl45nm_7710/element.ddc
/home/viterbi/09/zeyuxie/synopsys_cache_K-2015.06-SP5-5/DW02/DW_div/cla3/64/64/0/0/gscl45nm_7710/element.ddc
/home/viterbi/09/zeyuxie/synopsys_cache_K-2015.06-SP5-5/DW02/DW_div/rpl/64/64/0/0/gscl45nm_7710/element.ddc
/home/viterbi/09/zeyuxie/synopsys_cache_K-2015.06-SP5-5/DW02/DW_div/rpl/8/8/0/0/gscl45nm_7710/element.ddc
/home/viterbi/09/zeyuxie/synopsys_cache_K-2015.06-SP5-5/DW02/DW_div/cla/8/8/0/0/gscl45nm_7710/element.ddc
/home/viterbi/09/zeyuxie/synopsys_cache_K-2015.06-SP5-5/DW02/DW_div/cla2/8/8/0/0/gscl45nm_7710/element.ddc
/home/viterbi/09/zeyuxie/synopsys_cache_K-2015.06-SP5-5/DW02/DW_div/cla3/8/8/0/0/gscl45nm_7710/element.ddc
/home/viterbi/09/zeyuxie/synopsys_cache_K-2015.06-SP5-5/DW02/DW_div/rpl/8/8/0/0/gscl45nm_7710/element.ddc
/home/viterbi/09/zeyuxie/synopsys_cache_K-2015.06-SP5-5/DW02/DW_div/cla/8/8/0/0/gscl45nm_7710/element.ddc
/home/viterbi/09/zeyuxie/synopsys_cache_K-2015.06-SP5-5/DW02/DW_div/cla2/8/8/0/0/gscl45nm_7710/element.ddc
/home/viterbi/09/zeyuxie/synopsys_cache_K-2015.06-SP5-5/DW02/DW_div/cla3/8/8/0/0/gscl45nm_7710/element.ddc
/home/viterbi/09/zeyuxie/synopsys_cache_K-2015.06-SP5-5/DW02/DW_div/rpl/16/16/0/0/gscl45nm_7710/element.ddc
/home/viterbi/09/zeyuxie/synopsys_cache_K-2015.06-SP5-5/DW02/DW_div/cla/16/16/0/0/gscl45nm_7710/element.ddc
/home/viterbi/09/zeyuxie/synopsys_cache_K-2015.06-SP5-5/DW02/DW_div/cla2/16/16/0/0/gscl45nm_7710/element.ddc
/home/viterbi/09/zeyuxie/synopsys_cache_K-2015.06-SP5-5/DW02/DW_div/cla3/16/16/0/0/gscl45nm_7710/element.ddc
/home/viterbi/09/zeyuxie/synopsys_cache_K-2015.06-SP5-5/DW02/DW_div/rpl/32/32/0/0/gscl45nm_7710/element.ddc
/home/viterbi/09/zeyuxie/synopsys_cache_K-2015.06-SP5-5/DW02/DW_div/cla/32/32/0/0/gscl45nm_7710/element.ddc
/home/viterbi/09/zeyuxie/synopsys_cache_K-2015.06-SP5-5/DW02/DW_div/cla2/32/32/0/0/gscl45nm_7710/element.ddc
/home/viterbi/09/zeyuxie/synopsys_cache_K-2015.06-SP5-5/DW02/DW_div/cla3/32/32/0/0/gscl45nm_7710/element.ddc
/home/viterbi/09/zeyuxie/synopsys_cache_K-2015.06-SP5-5/DW02/DW_div/rpl/32/32/0/0/gscl45nm_7710/element.ddc
/home/viterbi/09/zeyuxie/synopsys_cache_K-2015.06-SP5-5/DW02/DW_div/cla/32/32/0/0/gscl45nm_7710/element.ddc
/home/viterbi/09/zeyuxie/synopsys_cache_K-2015.06-SP5-5/DW02/DW_div/cla2/32/32/0/0/gscl45nm_7710/element.ddc
/home/viterbi/09/zeyuxie/synopsys_cache_K-2015.06-SP5-5/DW02/DW_div/cla3/32/32/0/0/gscl45nm_7710/element.ddc
/home/viterbi/09/zeyuxie/synopsys_cache_K-2015.06-SP5-5/DW02/DW_div/rpl/32/32/0/0/gscl45nm_7710/element.ddc
/home/viterbi/09/zeyuxie/synopsys_cache_K-2015.06-SP5-5/DW02/DW_div/rpl/64/64/0/0/gscl45nm_7710/element.ddc
/home/viterbi/09/zeyuxie/synopsys_cache_K-2015.06-SP5-5/DW02/DW_div/cla/64/64/0/0/gscl45nm_7710/element.ddc
/home/viterbi/09/zeyuxie/synopsys_cache_K-2015.06-SP5-5/DW02/DW_div/cla2/64/64/0/0/gscl45nm_7710/element.ddc
/home/viterbi/09/zeyuxie/synopsys_cache_K-2015.06-SP5-5/DW02/DW_div/cla3/64/64/0/0/gscl45nm_7710/element.ddc
/home/viterbi/09/zeyuxie/synopsys_cache_K-2015.06-SP5-5/DW02/DW_div/rpl/64/64/0/0/gscl45nm_7710/element.ddc
/home/viterbi/09/zeyuxie/synopsys_cache_K-2015.06-SP5-5/DW02/DW_div/rpl/8/8/0/0/gscl45nm_7710/element.ddc
/home/viterbi/09/zeyuxie/synopsys_cache_K-2015.06-SP5-5/DW02/DW_div/cla/8/8/0/0/gscl45nm_7710/element.ddc
/home/viterbi/09/zeyuxie/synopsys_cache_K-2015.06-SP5-5/DW02/DW_div/cla2/8/8/0/0/gscl45nm_7710/element.ddc
/home/viterbi/09/zeyuxie/synopsys_cache_K-2015.06-SP5-5/DW02/DW_div/cla3/8/8/0/0/gscl45nm_7710/element.ddc
/home/viterbi/09/zeyuxie/synopsys_cache_K-2015.06-SP5-5/DW02/DW_div/rpl/8/8/0/0/gscl45nm_7710/element.ddc
/home/viterbi/09/zeyuxie/synopsys_cache_K-2015.06-SP5-5/DW02/DW_div/rpl/16/16/0/0/gscl45nm_7710/element.ddc
/home/viterbi/09/zeyuxie/synopsys_cache_K-2015.06-SP5-5/DW02/DW_div/cla/16/16/0/0/gscl45nm_7710/element.ddc
/home/viterbi/09/zeyuxie/synopsys_cache_K-2015.06-SP5-5/DW02/DW_div/cla2/16/16/0/0/gscl45nm_7710/element.ddc
/home/viterbi/09/zeyuxie/synopsys_cache_K-2015.06-SP5-5/DW02/DW_div/cla3/16/16/0/0/gscl45nm_7710/element.ddc
/home/viterbi/09/zeyuxie/synopsys_cache_K-2015.06-SP5-5/DW02/DW_div/rpl/16/16/0/0/gscl45nm_7710/element.ddc
/home/viterbi/09/zeyuxie/synopsys_cache_K-2015.06-SP5-5/DW02/DW_div/cla/16/16/0/0/gscl45nm_7710/element.ddc
/home/viterbi/09/zeyuxie/synopsys_cache_K-2015.06-SP5-5/DW02/DW_div/cla2/16/16/0/0/gscl45nm_7710/element.ddc
/home/viterbi/09/zeyuxie/synopsys_cache_K-2015.06-SP5-5/DW02/DW_div/cla3/16/16/0/0/gscl45nm_7710/element.ddc
/home/viterbi/09/zeyuxie/synopsys_cache_K-2015.06-SP5-5/DW02/DW_div/rpl/16/16/0/0/gscl45nm_7710/element.ddc
/home/viterbi/09/zeyuxie/synopsys_cache_K-2015.06-SP5-5/DW02/DW_div/cla/16/16/0/0/gscl45nm_7710/element.ddc
/home/viterbi/09/zeyuxie/synopsys_cache_K-2015.06-SP5-5/DW02/DW_div/rpl/32/32/0/0/gscl45nm_7710/element.ddc
/home/viterbi/09/zeyuxie/synopsys_cache_K-2015.06-SP5-5/DW02/DW_div/cla/32/32/0/0/gscl45nm_7710/element.ddc
/home/viterbi/09/zeyuxie/synopsys_cache_K-2015.06-SP5-5/DW02/DW_div/cla2/32/32/0/0/gscl45nm_7710/element.ddc
/home/viterbi/09/zeyuxie/synopsys_cache_K-2015.06-SP5-5/DW02/DW_div/cla3/32/32/0/0/gscl45nm_7710/element.ddc
/home/viterbi/09/zeyuxie/synopsys_cache_K-2015.06-SP5-5/DW02/DW_div/rpl/32/32/0/0/gscl45nm_7710/element.ddc
/home/viterbi/09/zeyuxie/synopsys_cache_K-2015.06-SP5-5/DW02/DW_div/cla/32/32/0/0/gscl45nm_7710/element.ddc
/home/viterbi/09/zeyuxie/synopsys_cache_K-2015.06-SP5-5/DW02/DW_div/cla2/32/32/0/0/gscl45nm_7710/element.ddc
/home/viterbi/09/zeyuxie/synopsys_cache_K-2015.06-SP5-5/DW02/DW_div/cla3/32/32/0/0/gscl45nm_7710/element.ddc
/home/viterbi/09/zeyuxie/synopsys_cache_K-2015.06-SP5-5/DW02/DW_div/rpl/32/32/0/0/gscl45nm_7710/element.ddc
/home/viterbi/09/zeyuxie/synopsys_cache_K-2015.06-SP5-5/DW02/DW_div/rpl/64/64/0/0/gscl45nm_7710/element.ddc
/home/viterbi/09/zeyuxie/synopsys_cache_K-2015.06-SP5-5/DW02/DW_div/cla/64/64/0/0/gscl45nm_7710/element.ddc
/home/viterbi/09/zeyuxie/synopsys_cache_K-2015.06-SP5-5/DW02/DW_div/cla2/64/64/0/0/gscl45nm_7710/element.ddc
/home/viterbi/09/zeyuxie/synopsys_cache_K-2015.06-SP5-5/DW02/DW_div/cla3/64/64/0/0/gscl45nm_7710/element.ddc
/home/viterbi/09/zeyuxie/synopsys_cache_K-2015.06-SP5-5/DW02/DW_div/rpl/64/64/0/0/gscl45nm_7710/element.ddc
/home/scf-22/ee577/NCSU45PDK/FreePDK45/osu_soc/lib/files/gscl45nm.db
/home/scf-22/ee577/NCSU45PDK/FreePDK45/osu_soc/lib/files/gscl45nm.db
